https://minfin.gov.ru
https://minjust.gov.ru
https://mintrud.gov.ru
https://www.minsport.gov.ru
https://minstroyrf.gov.ru
https://digital.gov.ru
https://95.173.157.45:443
https://178.248.237.91:443
https://vc.minjust.gov.ru
https://188.128.79.43
https://digital.gov.ru
https://bsrl.digital.gov.ru
https://svpd.reestr.digital.gov.ru
https://cdto.digital.gov.ru
https://covid.digital.gov.ru
https://mail01.sc.digital.gov.ru
https://pfo.covid.digital.gov.ru
https://www.np.digital.gov.ru
https://pass.digital.gov.ru
https://svpd.eac-reestr.digital.gov.ru
https://lk.digital.gov.ru
https://reestreac.digital.gov.ru
https://np.digital.gov.ru
https://eac-reestr.digital.gov.ru
https://mail.digital.gov.ru
https://sc.digital.gov.ru
https://gate1.digital.gov.ru
https://reestr.digital.gov.ru
https://www.digital.gov.ru
https://docs.platform.digital.gov.ru
https://minenergo.gov.ru
https://mx20.minenergo.gov.ru
https://instrument-ak.minenergo.gov.ru
https://sp-norm.minenergo.gov.ru
https://in.minenergo.gov.ru
https://gis.minenergo.gov.ru
https://me-dmz-sirius.minenergo.gov.ru
https://support.minenergo.gov.ru
https://nadezhnost.minenergo.gov.ru
https://www.minenergo.gov.ru