http://tsp2.rosatom.ru/TSP3/tsp.srf
http://tsp2.rosatom.ru/TSP3/tsp.srf
http://qs.cryptopro.ru/tsp/tsp.srf
http://pki.sertum-pro.ru/tsp/tsp.srf
http://pki.skbkontur.ru/tsp/tsp.srf
http://tsp.ncarf.ru/tsp/tsp.srf
http://tsp.taxcom.ru/tsp/tsp.srf
http://tax4.tensor.ru/tsp-tensor_gost2012/tsp.srf
http://service.itk23.ru/tsp/tsp.srf
http://ocsp.ntssoft.ru/tsp/tsp.srf
http://tsp.e-notary.ru/tsp/tsp.srf
http://service.itk23.ru/itcomTSP/tsp.srf
http://service.itk23.ru/tsp/tsp.srf
http://pki.sertum-pro.ru/tsp/tsp.srf
http://pki.skbkontur.ru/tsp/tsp.srf
http://tsp.ncarf.ru/tsp/tsp.srf
http://tsp.taxcom.ru/tsp/tsp.srf
http://tax4.tensor.ru/tsp-tensor_gost2012/tsp.srf
http://ocsp.ntssoft.ru/tsp/tsp.srf
http://tsp.e-notary.ru/tsp/tsp.srf
http://tax4.tensor.ru/ocsp-tensorca-2018_cp_gost2012/ocsp.srf
http://tax4.tensor.ru/ocsp-tensor2018_gost2012/tsp.srf
http://www.cryptopro.ru/tsp/tsp.srf