https://www.crpt.ru
https://markirovka.crpt.ru/login-kep
https://edo-gismt.crpt.ru
http://suz2.crpt.ru
http://api.mdlp.crpt.ru
http://kb.crpt.ru
http://nrz.api.sb.mdlp.crpt.ru
http://api.sb.mdlp.crpt.ru
https://api.mdlp.crpt.ru 
https://kb.crpt.ru 
https://nrz.api.sb.mdlp.crpt.ru 
https://nrz.api.mdlp.crpt.ru
https://ismp.crpt.ru/api/v3/facade/cis/cis_list
https://ismp.crpt.ru/api/v4/facade/cis/cis_list
https://ismp.crpt.ru/api/v3/auth/cert/key
https://markirovka.crpt.ru/api/v3/true-api/auth/key
https://markirovka.crpt.ru/api/v4/true-api/auth/key
https://sandbox.crptech.ru/api/v3/facade/cis/cis_list
https://sandbox.crptech.ru/api/v4/facade/cis/cis_list
https://sandbox.crptech.ru/api/v3/auth/cert/key
https://markirovka.sandbox.crptech.ru/api/v3/true-api/auth/key
https://markirovka.sandbox.crptech.ru/api/v4/true-api/auth/key